生成启动时间为 2017/8/21 13:52:49。
     1>项目“F:\Service\Service\srv\srv.vcxproj”在节点 2 上(Rebuild 个目标)。
     1>ClCompile:
         C:\Program Files (x86)\Microsoft Visual Studio 12.0\VC\bin\CL.exe /c /ZI /nologo /W3 /WX- /sdl /Od /Oy- /D _MBCS /Gm /EHsc /RTC1 /MDd /GS /fp:precise /Zc:wchar_t /Zc:forScope /Fo"Debug\\" /Fd"Debug\vc120.pdb" /Gd /TP /analyze- /errorReport:prompt serverMain.cpp soapC.cpp soapserviceService.cpp stdsoap2.cpp
         stdsoap2.cpp
     1>f:\service\service\srv\stdsoap2.cpp(13949): warning C4056: 浮点常量算术溢出
     1>f:\service\service\srv\stdsoap2.cpp(14117): warning C4056: 浮点常量算术溢出
         soapserviceService.cpp
         soapC.cpp
         serverMain.cpp
         正在生成代码...
     1>f:\service\service\srv\stdsoap2.cpp(13945): warning C4756: 常量算法中溢出
     1>f:\service\service\srv\stdsoap2.cpp(13947): warning C4756: 常量算法中溢出
     1>f:\service\service\srv\stdsoap2.cpp(13949): warning C4756: 常量算法中溢出
     1>f:\service\service\srv\stdsoap2.cpp(13945): warning C4756: 常量算法中溢出
     1>f:\service\service\srv\stdsoap2.cpp(13949): warning C4756: 常量算法中溢出
       Link:
         C:\Program Files (x86)\Microsoft Visual Studio 12.0\VC\bin\link.exe /ERRORREPORT:PROMPT /OUT:"F:\Service\Service\Debug\service.exe" /INCREMENTAL /NOLOGO VisionProcessd.lib kernel32.lib user32.lib gdi32.lib winspool.lib comdlg32.lib advapi32.lib shell32.lib ole32.lib oleaut32.lib uuid.lib odbc32.lib odbccp32.lib /MANIFEST /MANIFESTUAC:"level='asInvoker' uiAccess='false'" /manifest:embed /DEBUG /PDB:"F:\Service\Service\Debug\service.pdb" /TLBID:1 /DYNAMICBASE /NXCOMPAT /IMPLIB:"F:\Service\Service\Debug\service.lib" /MACHINE:X86 Debug\serverMain.obj
         Debug\soapC.obj
         Debug\soapserviceService.obj
         Debug\stdsoap2.obj
         srv.vcxproj -> F:\Service\Service\Debug\service.exe
     1>已完成生成项目“F:\Service\Service\srv\srv.vcxproj”(Rebuild 个目标)的操作。

生成成功。

已用时间 00:00:03.00
