生成启动时间为 2017/8/21 13:51:02。
     1>项目“F:\Service\Service\client\client.vcxproj”在节点 2 上(Rebuild 个目标)。
     1>C:\Program Files (x86)\MSBuild\Microsoft.Cpp\v4.0\V120\Microsoft.CppBuild.targets(381,5): warning MSB8028: The intermediate directory (Debug\) contains files shared from another project (client.vcxproj).  This can lead to incorrect clean and rebuild behavior.
     1>ClCompile:
         C:\Program Files (x86)\Microsoft Visual Studio 12.0\VC\bin\CL.exe /c /ZI /nologo /W3 /WX- /sdl /Od /Oy- /D EXPORTDLL /D _WINDLL /D _WINDLL /D _UNICODE /D UNICODE /Gm /EHsc /RTC1 /MTd /GS /Gy /fp:precise /Zc:wchar_t /Zc:forScope /Fo"Debug\\" /Fd"Debug\vc120.pdb" /Gd /TP /analyze- /errorReport:prompt ClientMain.cpp soapC.cpp soapserviceProxy.cpp stdsoap2.cpp
         stdsoap2.cpp
     1>f:\service\service\client\stdsoap2.cpp(13949): warning C4056: 浮点常量算术溢出
     1>f:\service\service\client\stdsoap2.cpp(14117): warning C4056: 浮点常量算术溢出
         soapserviceProxy.cpp
         soapC.cpp
         ClientMain.cpp
     1>f:\service\service\client\clientmain.cpp(19): warning C4244: “初始化”: 从“std::streamoff”转换到“int”，可能丢失数据
     1>f:\service\service\client\clientmain.cpp(29): warning C4244: “初始化”: 从“std::streamoff”转换到“int”，可能丢失数据
     1>f:\service\service\client\clientmain.cpp(39): warning C4244: “初始化”: 从“std::streamoff”转换到“int”，可能丢失数据
     1>f:\service\service\client\clientmain.cpp(49): warning C4244: “初始化”: 从“std::streamoff”转换到“int”，可能丢失数据
     1>f:\service\service\client\clientmain.cpp(59): warning C4244: “初始化”: 从“std::streamoff”转换到“int”，可能丢失数据
     1>f:\service\service\client\clientmain.cpp(131): warning C4244: “初始化”: 从“std::streamoff”转换到“int”，可能丢失数据
         正在生成代码...
     1>f:\service\service\client\stdsoap2.cpp(13945): warning C4756: 常量算法中溢出
     1>f:\service\service\client\stdsoap2.cpp(13947): warning C4756: 常量算法中溢出
     1>f:\service\service\client\stdsoap2.cpp(13949): warning C4756: 常量算法中溢出
     1>f:\service\service\client\stdsoap2.cpp(13945): warning C4756: 常量算法中溢出
     1>f:\service\service\client\stdsoap2.cpp(13949): warning C4756: 常量算法中溢出
       Link:
         C:\Program Files (x86)\Microsoft Visual Studio 12.0\VC\bin\link.exe /ERRORREPORT:PROMPT /OUT:"F:\Service\Service\Debug\clientDLLd.dll" /INCREMENTAL /NOLOGO /MANIFEST /MANIFESTUAC:"level='asInvoker' uiAccess='false'" /manifest:embed /manifestinput:"C:\Program Files (x86)\Microsoft Visual Studio 12.0\VC\Include\Manifest\dpiaware.manifest" /DEBUG /PDB:"F:\Service\Service\Debug\clientDLLd.pdb" /TLBID:1 /DYNAMICBASE /NXCOMPAT /IMPLIB:"F:\Service\Service\Debug\clientDLLd.lib" /MACHINE:X86 /DLL Debug\ClientMain.obj
         Debug\soapC.obj
         Debug\soapserviceProxy.obj
         Debug\stdsoap2.obj
            正在创建库 F:\Service\Service\Debug\clientDLLd.lib 和对象 F:\Service\Service\Debug\clientDLLd.exp
         client.vcxproj -> F:\Service\Service\Debug\clientDLLd.dll
     1>已完成生成项目“F:\Service\Service\client\client.vcxproj”(Rebuild 个目标)的操作。

生成成功。

已用时间 00:00:02.90
