生成启动时间为 2017/8/21 13:51:10。
     1>项目“F:\Service\Service\client\client.vcxproj”在节点 2 上(Rebuild 个目标)。
     1>ClCompile:
         C:\Program Files (x86)\Microsoft Visual Studio 12.0\VC\bin\CL.exe /c /Zi /nologo /W3 /WX- /sdl /O2 /Oi /Oy- /GL /D EXPORTDLL /D _WINDLL /D _WINDLL /D _MBCS /Gm- /EHsc /MD /GS /Gy /fp:precise /Zc:wchar_t /Zc:forScope /Fo"Release\\" /Fd"Release\vc120.pdb" /Gd /TP /analyze- /errorReport:prompt ClientMain.cpp soapC.cpp soapserviceProxy.cpp stdsoap2.cpp
         ClientMain.cpp
     1>ClientMain.cpp(19): warning C4244: “初始化”: 从“std::streamoff”转换到“int”，可能丢失数据
     1>ClientMain.cpp(29): warning C4244: “初始化”: 从“std::streamoff”转换到“int”，可能丢失数据
     1>ClientMain.cpp(39): warning C4244: “初始化”: 从“std::streamoff”转换到“int”，可能丢失数据
     1>ClientMain.cpp(49): warning C4244: “初始化”: 从“std::streamoff”转换到“int”，可能丢失数据
     1>ClientMain.cpp(59): warning C4244: “初始化”: 从“std::streamoff”转换到“int”，可能丢失数据
     1>ClientMain.cpp(131): warning C4244: “初始化”: 从“std::streamoff”转换到“int”，可能丢失数据
         soapC.cpp
         soapserviceProxy.cpp
         stdsoap2.cpp
     1>stdsoap2.cpp(13949): warning C4056: 浮点常量算术溢出
     1>stdsoap2.cpp(14117): warning C4056: 浮点常量算术溢出
       Link:
         C:\Program Files (x86)\Microsoft Visual Studio 12.0\VC\bin\link.exe /ERRORREPORT:PROMPT /OUT:"F:\Service\Service\Release\clientDLL.dll" /NOLOGO kernel32.lib user32.lib gdi32.lib winspool.lib comdlg32.lib advapi32.lib shell32.lib ole32.lib oleaut32.lib uuid.lib odbc32.lib odbccp32.lib /MANIFEST /MANIFESTUAC:"level='asInvoker' uiAccess='false'" /manifest:embed /DEBUG /PDB:"F:\Service\Service\Release\clientDLL.pdb" /OPT:REF /OPT:ICF /LTCG /TLBID:1 /DYNAMICBASE /NXCOMPAT /IMPLIB:"F:\Service\Service\Release\clientDLL.lib" /MACHINE:X86 /SAFESEH /DLL Release\ClientMain.obj
         Release\soapC.obj
         Release\soapserviceProxy.obj
         Release\stdsoap2.obj
            正在创建库 F:\Service\Service\Release\clientDLL.lib 和对象 F:\Service\Service\Release\clientDLL.exp
         正在生成代码
     1>f:\service\service\client\stdsoap2.cpp(13945): warning C4756: 常量算法中溢出
     1>f:\service\service\client\stdsoap2.cpp(13947): warning C4756: 常量算法中溢出
     1>f:\service\service\client\stdsoap2.cpp(13949): warning C4756: 常量算法中溢出
     1>f:\service\service\client\stdsoap2.cpp(13945): warning C4756: 常量算法中溢出
     1>f:\service\service\client\stdsoap2.cpp(13949): warning C4756: 常量算法中溢出
         已完成代码的生成
         client.vcxproj -> F:\Service\Service\Release\clientDLL.dll
     1>已完成生成项目“F:\Service\Service\client\client.vcxproj”(Rebuild 个目标)的操作。

生成成功。

已用时间 00:00:02.98
